function Student(id,name){
    this.id = id;
    this.name = name;
}


undefined
var obj = new Student(101,'Vikrant');
undefined
obj
Student {id: 101, name: "Vikrant"}
function Student(id,name){
    this.id = id;
    this.name = name;

    function show(){
        console.log(this.id,this.name);
    }
}


undefined
var obj = new Student(101,'Vikrant');
undefined
obj.show();
VM704:1 Uncaught TypeError: obj.show is not a function
    at <anonymous>:1:5
(anonymous) @ VM704:1
function Student(id,name){
    this.id = id;
    this.name = name;

    function show(){
        console.log(this.id,this.name);
    }
    return show;
}


undefined
var obj = new Student(101,'Vikrant');
undefined
obj
ƒ show(){
        console.log(this.id,this.name);
    }
var a = 10;
undefined
a = 'string'
"string"
obj();
VM741:6 undefined ""
undefined
function Student(id,name){
    this.id = id;
    this.name = name;

}


undefined
Student.prototype.show = function(){
    console.log(this.id,this.name);
}
ƒ (){
    console.log(this.id,this.name);
}
var obj = new Student(101,'Vikrant');
undefined
obj
Student {id: 101, name: "Vikrant"}id: 101name: "Vikrant"__proto__: Object
obj.show();
VM1142:2 101 "Vikrant"
undefined
class Employee{
    constructor(id,name,age){
        this.id = id;
        this.name = name;
        this.age = age;
    }

    show(){
        console.log('Employee Details..');
        console.log(this.id,this.name,this.age);
    }
}
undefined
class PartTimeEmployee extends Employee{
    constructor(hours){
        this.hours = hours;
    }

    display(){
        console.log('Part Time Employee hours = ',this.hours);
    }

}
undefined
class PartTimeEmployee extends Employee{
    constructor(id,name,age,hours){
        this.hours = hours;
    }

    display(){
        console.log('Part Time Employee hours = ',this.hours);
    }

}
undefined
obj = new PartTimeEmployee(101,'Vikrant',23,4);
VM2178:3 Uncaught ReferenceError: Must call super constructor in derived class before accessing 'this' or returning from derived constructor
    at new PartTimeEmployee (<anonymous>:3:9)
    at <anonymous>:1:7
PartTimeEmployee @ VM2178:3
(anonymous) @ VM2281:1
class PartTimeEmployee extends Employee{
    constructor(id,name,age,hours){
        super();
        this.hours = hours;
    }

    display(){
        console.log('Part Time Employee hours = ',this.hours);
    }

}
undefined
obj = new PartTimeEmployee(101,'Vikrant',23,4);
PartTimeEmployee {id: undefined, name: undefined, age: undefined, hours: 4}
class PartTimeEmployee extends Employee{
    constructor(id,name,age,hours){
        super(id,name,age);
        this.hours = hours;
    }

    display(){
        console.log('Part Time Employee hours = ',this.hours);
    }

}
undefined
obj = new PartTimeEmployee(101,'Vikrant',23,4);
PartTimeEmployee {id: 101, name: "Vikrant", age: 23, hours: 4}id: 101name: "Vikrant"age: 23hours: 4__proto__: Employee
class Component{
    constructor(props){
        this.props = props == undefined ? {} : props;
    }
}

class Smart extends Component{
    constructor(props){
        super(props);
        console.log(this.props);
    }
}
undefined
temp1 = new Smart();
VM3192:10 {}
Smart {props: {…}}props: {}__proto__: Component
temp2 = new Smart(34);
VM3192:10 34
Smart {props: 34}props: 34__proto__: Component
